<?xml version="1.0" encoding="UTF-8"?>
<!-- Generated by org.testng.reporters.JUnitReportReporter -->
<testsuite hostname="LTIN488948" failures="0" tests="1" name="testing.TC002_Surgeries" time="2.060" errors="0" timestamp="2024-03-02T00:34:44 IST" skipped="0">
  <testcase classname="testing.TC002_Surgeries" name="get_Surgeries_List" time="2.060"/>
</testsuite> <!-- testing.TC002_Surgeries -->
