<?xml version="1.0" encoding="UTF-8"?>
<!-- Generated by org.testng.reporters.JUnitReportReporter -->
<testsuite hostname="LTIN488948" failures="0" tests="1" name="testing.TC002_Surgeries" time="1.761" errors="0" timestamp="2024-03-05T11:30:02 IST" skipped="0">
  <testcase classname="testing.TC002_Surgeries" name="get_Surgeries_List" time="1.761"/>
</testsuite> <!-- testing.TC002_Surgeries -->
