<?xml version="1.0" encoding="UTF-8"?>
<!-- Generated by org.testng.reporters.JUnitReportReporter -->
<testsuite hostname="LTIN488948" failures="0" tests="1" name="testing.TC003_Set_Wrong_Details" time="44.282" errors="0" timestamp="2024-03-04T15:40:37 IST" skipped="0">
  <testcase classname="testing.TC003_Set_Wrong_Details" name="set_Wrong_Details" time="44.282"/>
</testsuite> <!-- testing.TC003_Set_Wrong_Details -->
