<?xml version="1.0" encoding="UTF-8"?>
<!-- Generated by org.testng.reporters.JUnitReportReporter -->
<testsuite hostname="LTIN488948" failures="0" tests="1" name="testing.TC001_Doctor_Details" time="129.181" errors="0" timestamp="2024-03-04T15:40:37 IST" skipped="0">
  <testcase classname="testing.TC001_Doctor_Details" name="Get_Doctor_Details" time="129.181"/>
</testsuite> <!-- testing.TC001_Doctor_Details -->
