<?xml version="1.0" encoding="UTF-8"?>
<!-- Generated by org.testng.reporters.JUnitReportReporter -->
<testsuite hostname="LTIN488948" failures="0" tests="1" name="testing.TC002_Surgeries" time="4.022" errors="0" timestamp="2024-03-05T14:21:51 IST" skipped="0">
  <testcase classname="testing.TC002_Surgeries" name="get_Surgeries_List" time="4.022"/>
</testsuite> <!-- testing.TC002_Surgeries -->
